<?xml version="1.0" encoding="UTF-8"?>
<!-- Generated by org.testng.reporters.JUnitReportReporter -->
<testsuite hostname="Amals_HP_Envy" failures="0" tests="6" name="test.day3" time="0.036" errors="0" timestamp="2025-02-01T22:38:54 EST" skipped="1">
  <testcase classname="test.day3" name="MobilesignoutcarLoan" time="0.008"/>
  <testcase classname="test.day3" name="WebloginCarLoan" time="0.003"/>
  <testcase classname="test.day3" name="MobilesignoutcarLoan" time="0.008"/>
  <testcase classname="test.day3" name="MobilesignoutcarLoan" time="0.011"/>
  <testcase classname="test.day3" name="MobileLogincarLoan" time="0.006"/>
  <testcase classname="test.day3" name="MobilesignimcarLoan">
    <skipped/>
  </testcase> <!-- MobilesignimcarLoan -->
</testsuite> <!-- test.day3 -->
