<?xml version="1.0" encoding="UTF-8"?>
<!-- Generated by org.testng.reporters.JUnitReportReporter -->
<testsuite hostname="Amals_HP_Envy" failures="0" tests="3" name="test.day4" time="0.014" errors="0" timestamp="2025-02-01T22:38:54 EST" skipped="0">
  <testcase classname="test.day4" name="LoginAPIHomeLoan" time="0.008"/>
  <testcase classname="test.day4" name="WebloginHomeLoan" time="0.003"/>
  <testcase classname="test.day4" name="MobileLoginHomeLoan" time="0.003"/>
</testsuite> <!-- test.day4 -->
