<?xml version="1.0" encoding="UTF-8"?>
<!-- Generated by org.testng.reporters.JUnitReportReporter -->
<testsuite hostname="Amals_HP_Envy" failures="0" tests="1" name="test.day2" time="0.001" errors="0" timestamp="2025-02-01T22:38:54 EST" skipped="0">
  <testcase classname="test.day2" name="ploan" time="0.001"/>
</testsuite> <!-- test.day2 -->
